{
  "RSpec": {
    "coverage": {
      "C:/Users/3141j/Documents/TAMU2019/CSCE431/Project/csce431-fall2019/spec/controllers/donation_transaction_controller_spec.rb": [
        1,
        null,
        1,
        1,
        null,
        1,
        1,
        1,
        1,
        1,
        1,
        null,
        null,
        1,
        1,
        1,
        null,
        null,
        null,
        null
      ],
      "C:/Users/3141j/Documents/TAMU2019/CSCE431/Project/csce431-fall2019/spec/rails_helper.rb": [
        null,
        1,
        1,
        1,
        null,
        1,
        1,
        null,
        null,
        null,
        null,
        null,
        null,
        null,
        null,
        null,
        null,
        null,
        null,
        null,
        null,
        null,
        null,
        null,
        null,
        null,
        1,
        1,
        null,
        0,
        0,
        null,
        1,
        null,
        1,
        null,
        null,
        null,
        null,
        1,
        null,
        null,
        null,
        null,
        null,
        null,
        null,
        null,
        null,
        null,
        null,
        null,
        null,
        null,
        1,
        null,
        null,
        1,
        null,
        null,
        null
      ],
      "C:/Users/3141j/Documents/TAMU2019/CSCE431/Project/csce431-fall2019/config/environment.rb": [
        null,
        1,
        null,
        null,
        1
      ],
      "C:/Users/3141j/Documents/TAMU2019/CSCE431/Project/csce431-fall2019/config/application.rb": [
        1,
        null,
        1,
        null,
        null,
        null,
        1,
        null,
        1,
        1,
        null,
        1,
        null,
        null,
        null,
        null,
        null,
        null,
        null
      ],
      "C:/Users/3141j/Documents/TAMU2019/CSCE431/Project/csce431-fall2019/config/boot.rb": [
        1,
        null,
        1,
        1
      ],
      "C:/Users/3141j/Documents/TAMU2019/CSCE431/Project/csce431-fall2019/config/environments/test.rb": [
        null,
        null,
        null,
        null,
        null,
        1,
        null,
        null,
        1,
        null,
        null,
        null,
        null,
        1,
        null,
        null,
        1,
        1,
        null,
        null,
        null,
        null,
        1,
        1,
        1,
        null,
        null,
        1,
        null,
        null,
        1,
        null,
        null,
        1,
        null,
        1,
        null,
        null,
        null,
        null,
        1,
        null,
        null,
        1,
        null,
        null,
        null,
        null,
        1,
        null,
        null
      ],
      "C:/Users/3141j/Documents/TAMU2019/CSCE431/Project/csce431-fall2019/config/initializers/application_controller_renderer.rb": [
        null,
        null,
        null,
        null,
        null,
        null,
        null,
        null
      ],
      "C:/Users/3141j/Documents/TAMU2019/CSCE431/Project/csce431-fall2019/config/initializers/assets.rb": [
        null,
        null,
        null,
        1,
        null,
        null,
        null,
        null,
        1,
        null,
        null,
        null,
        null,
        null
      ],
      "C:/Users/3141j/Documents/TAMU2019/CSCE431/Project/csce431-fall2019/config/initializers/backtrace_silencers.rb": [
        null,
        null,
        null,
        null,
        null,
        null,
        null
      ],
      "C:/Users/3141j/Documents/TAMU2019/CSCE431/Project/csce431-fall2019/config/initializers/content_security_policy.rb": [
        null,
        null,
        null,
        null,
        null,
        null,
        null,
        null,
        null,
        null,
        null,
        null,
        null,
        null,
        null,
        null,
        null,
        null,
        null,
        null,
        null,
        null,
        null,
        null,
        null,
        null,
        null,
        null,
        null,
        null
      ],
      "C:/Users/3141j/Documents/TAMU2019/CSCE431/Project/csce431-fall2019/config/initializers/cookies_serializer.rb": [
        null,
        null,
        null,
        null,
        1
      ],
      "C:/Users/3141j/Documents/TAMU2019/CSCE431/Project/csce431-fall2019/config/initializers/filter_parameter_logging.rb": [
        null,
        null,
        null,
        1
      ],
      "C:/Users/3141j/Documents/TAMU2019/CSCE431/Project/csce431-fall2019/config/initializers/inflections.rb": [
        null,
        null,
        null,
        null,
        null,
        null,
        null,
        null,
        null,
        null,
        null,
        null,
        null,
        null,
        null,
        null
      ],
      "C:/Users/3141j/Documents/TAMU2019/CSCE431/Project/csce431-fall2019/config/initializers/mime_types.rb": [
        null,
        null,
        null,
        null
      ],
      "C:/Users/3141j/Documents/TAMU2019/CSCE431/Project/csce431-fall2019/config/initializers/paypal.rb": [
        null,
        1,
        1,
        1,
        null
      ],
      "C:/Users/3141j/Documents/TAMU2019/CSCE431/Project/csce431-fall2019/config/initializers/wrap_parameters.rb": [
        null,
        null,
        null,
        null,
        null,
        null,
        1,
        2,
        null,
        null,
        null,
        null,
        null,
        null
      ],
      "C:/Users/3141j/Documents/TAMU2019/CSCE431/Project/csce431-fall2019/config/routes.rb": [
        1,
        null,
        1,
        1,
        1,
        1,
        1,
        null,
        null,
        null,
        1,
        null,
        null,
        null
      ],
      "C:/Users/3141j/Documents/TAMU2019/CSCE431/Project/csce431-fall2019/app/helpers/admin_helper.rb": [
        1,
        null
      ],
      "C:/Users/3141j/Documents/TAMU2019/CSCE431/Project/csce431-fall2019/app/helpers/application_helper.rb": [
        1,
        1,
        0,
        0,
        0,
        0,
        null,
        null
      ],
      "C:/Users/3141j/Documents/TAMU2019/CSCE431/Project/csce431-fall2019/app/helpers/donation_transaction_helper.rb": [
        1,
        null
      ],
      "C:/Users/3141j/Documents/TAMU2019/CSCE431/Project/csce431-fall2019/app/helpers/sessions_helper.rb": [
        1,
        null
      ],
      "C:/Users/3141j/Documents/TAMU2019/CSCE431/Project/csce431-fall2019/app/helpers/users_helper.rb": [
        1,
        null
      ],
      "C:/Users/3141j/Documents/TAMU2019/CSCE431/Project/csce431-fall2019/app/models/application_record.rb": [
        1,
        1,
        null
      ],
      "C:/Users/3141j/Documents/TAMU2019/CSCE431/Project/csce431-fall2019/app/controllers/donation_transaction_controller.rb": [
        1,
        1,
        null,
        1,
        1,
        null,
        null,
        1,
        0,
        null,
        null,
        null,
        null,
        0,
        0,
        null,
        null,
        null,
        null,
        0,
        0,
        0,
        null,
        null,
        0,
        null,
        null,
        null,
        null,
        1,
        null,
        0,
        0,
        null,
        0,
        0,
        null,
        0,
        null,
        0,
        0,
        null,
        0,
        null,
        null,
        null,
        null,
        0,
        0,
        null,
        null,
        null,
        null,
        0,
        null,
        null,
        null,
        null,
        null,
        null,
        1,
        null,
        0,
        0,
        0,
        0,
        0,
        0,
        null,
        0,
        null,
        null,
        null,
        null,
        null,
        0,
        null,
        0,
        0,
        null,
        null,
        0,
        null,
        null,
        null,
        null,
        1,
        null,
        0,
        0,
        0,
        null,
        0,
        0,
        null,
        null,
        null,
        1,
        1,
        null,
        null,
        null,
        null,
        null,
        0,
        null,
        null,
        1,
        0,
        null,
        null,
        1,
        0,
        null,
        null,
        1,
        0,
        null,
        null,
        null,
        null,
        null,
        null,
        null,
        1,
        0,
        null,
        null,
        null,
        null,
        null,
        1,
        0,
        null,
        null
      ],
      "C:/Users/3141j/Documents/TAMU2019/CSCE431/Project/csce431-fall2019/app/controllers/application_controller.rb": [
        1,
        1,
        null,
        1,
        1,
        6,
        null,
        null,
        1,
        30,
        30,
        null,
        null,
        1,
        5,
        null,
        null,
        1,
        6,
        3,
        null,
        null,
        1,
        0,
        0,
        null,
        null
      ],
      "C:/Users/3141j/Documents/TAMU2019/CSCE431/Project/csce431-fall2019/spec/controllers/sessions_controller_spec.rb": [
        1,
        null,
        1,
        1,
        null,
        1,
        1,
        1,
        2,
        2,
        null,
        null,
        1,
        1,
        1,
        null,
        null,
        1,
        1,
        null,
        1,
        null,
        1,
        null,
        null,
        null,
        1,
        1,
        2,
        2,
        null,
        null,
        1,
        1,
        1,
        null,
        null,
        1,
        1,
        null,
        1,
        1,
        null,
        null,
        null,
        1,
        1,
        1,
        null,
        1,
        1,
        null,
        null,
        null,
        null,
        1,
        1,
        1,
        null,
        1,
        1,
        1,
        null,
        null,
        1,
        1,
        2,
        2,
        2,
        null,
        null,
        1,
        1,
        null,
        1,
        null,
        null,
        1,
        1,
        null,
        1,
        null,
        null,
        null,
        null
      ],
      "C:/Users/3141j/Documents/TAMU2019/CSCE431/Project/csce431-fall2019/app/controllers/sessions_controller.rb": [
        1,
        1,
        null,
        1,
        14,
        null,
        14,
        14,
        11,
        11,
        11,
        null,
        3,
        3,
        3,
        null,
        null,
        null,
        1,
        2,
        2,
        2,
        null,
        null,
        null
      ],
      "C:/Users/3141j/Documents/TAMU2019/CSCE431/Project/csce431-fall2019/spec/controllers/users_controller_spec.rb": [
        1,
        null,
        1,
        1,
        null,
        null,
        1,
        1,
        1,
        1,
        null,
        null,
        null,
        1,
        12,
        null,
        1,
        1,
        null,
        2,
        null,
        null,
        null,
        1,
        9,
        9,
        9,
        null,
        18,
        null,
        null,
        null,
        1,
        1,
        1,
        1,
        1,
        null,
        2,
        null,
        null,
        null,
        1,
        5,
        1,
        4,
        4,
        4,
        4,
        4,
        null,
        null,
        1,
        2,
        null,
        null,
        1,
        3,
        3,
        3,
        null,
        6,
        null,
        null,
        null,
        null,
        null,
        1,
        1,
        1,
        1,
        1,
        1,
        1,
        1,
        null,
        null,
        1,
        1,
        1,
        null,
        1,
        1,
        null,
        null,
        null,
        1,
        1,
        1,
        1,
        1,
        1,
        1,
        1,
        null,
        null,
        1,
        1,
        1,
        null,
        1,
        1,
        null,
        null,
        null
      ],
      "C:/Users/3141j/Documents/TAMU2019/CSCE431/Project/csce431-fall2019/app/controllers/users_controller.rb": [
        1,
        1,
        1,
        null,
        1,
        1,
        null,
        null,
        1,
        15,
        null,
        15,
        2,
        null,
        13,
        null,
        null,
        null,
        1,
        null,
        null,
        null,
        1,
        null,
        0,
        0,
        0,
        0,
        null,
        0,
        0,
        0,
        null,
        null,
        null,
        1,
        null,
        null,
        null,
        1,
        null,
        null,
        null,
        1,
        1,
        0,
        null,
        1,
        0,
        null,
        null,
        1,
        0,
        null,
        null,
        1,
        15,
        4,
        null,
        11,
        null,
        null,
        null,
        null
      ],
      "C:/Users/3141j/Documents/TAMU2019/CSCE431/Project/csce431-fall2019/app/models/user.rb": [
        1,
        1,
        1,
        1,
        1,
        1,
        1,
        null,
        1,
        null
      ]
    },
    "timestamp": 1571752808
  }
}
