{
  "RSpec": {
    "coverage": {
      "C:/Users/3141j/Documents/TAMU2019/CSCE431/Project/csce431-fall2019/spec/controllers/donation_transaction_controller_spec.rb": [
        1,
        null,
        1,
        1,
        null,
        1,
        1,
        1,
        1,
        1,
        1,
        null,
        null,
        1,
        1,
        1,
        null,
        null,
        null,
        null
      ],
      "C:/Users/3141j/Documents/TAMU2019/CSCE431/Project/csce431-fall2019/spec/rails_helper.rb": [
        null,
        1,
        1,
        1,
        null,
        1,
        1,
        null,
        null,
        null,
        null,
        null,
        null,
        null,
        null,
        null,
        null,
        null,
        null,
        null,
        null,
        null,
        null,
        null,
        null,
        null,
        1,
        1,
        null,
        0,
        0,
        null,
        1,
        null,
        1,
        null,
        null,
        null,
        null,
        1,
        null,
        null,
        null,
        null,
        null,
        null,
        null,
        null,
        null,
        null,
        null,
        null,
        null,
        null,
        1,
        null,
        null,
        1,
        null,
        null,
        null
      ],
      "C:/Users/3141j/Documents/TAMU2019/CSCE431/Project/csce431-fall2019/config/environment.rb": [
        null,
        1,
        null,
        null,
        1
      ],
      "C:/Users/3141j/Documents/TAMU2019/CSCE431/Project/csce431-fall2019/config/application.rb": [
        1,
        null,
        1,
        null,
        null,
        null,
        1,
        null,
        1,
        1,
        null,
        1,
        null,
        null,
        null,
        null,
        null,
        null,
        null
      ],
      "C:/Users/3141j/Documents/TAMU2019/CSCE431/Project/csce431-fall2019/config/boot.rb": [
        1,
        null,
        1,
        1
      ],
      "C:/Users/3141j/Documents/TAMU2019/CSCE431/Project/csce431-fall2019/config/environments/test.rb": [
        null,
        null,
        null,
        null,
        null,
        1,
        null,
        null,
        1,
        null,
        null,
        null,
        null,
        1,
        null,
        null,
        1,
        1,
        null,
        null,
        null,
        null,
        1,
        1,
        1,
        null,
        null,
        1,
        null,
        null,
        1,
        null,
        null,
        1,
        null,
        1,
        null,
        null,
        1,
        null,
        null,
        null,
        null,
        1,
        null,
        null,
        1,
        null,
        null,
        null,
        null,
        1,
        null,
        null
      ],
      "C:/Users/3141j/Documents/TAMU2019/CSCE431/Project/csce431-fall2019/config/initializers/application_controller_renderer.rb": [
        null,
        null,
        null,
        null,
        null,
        null,
        null,
        null
      ],
      "C:/Users/3141j/Documents/TAMU2019/CSCE431/Project/csce431-fall2019/config/initializers/assets.rb": [
        null,
        null,
        null,
        1,
        null,
        null,
        null,
        null,
        1,
        null,
        null,
        null,
        null,
        null
      ],
      "C:/Users/3141j/Documents/TAMU2019/CSCE431/Project/csce431-fall2019/config/initializers/backtrace_silencers.rb": [
        null,
        null,
        null,
        null,
        null,
        null,
        null
      ],
      "C:/Users/3141j/Documents/TAMU2019/CSCE431/Project/csce431-fall2019/config/initializers/content_security_policy.rb": [
        null,
        null,
        null,
        null,
        null,
        null,
        null,
        null,
        null,
        null,
        null,
        null,
        null,
        null,
        null,
        null,
        null,
        null,
        null,
        null,
        null,
        null,
        null,
        null,
        null,
        null,
        null,
        null,
        null,
        null
      ],
      "C:/Users/3141j/Documents/TAMU2019/CSCE431/Project/csce431-fall2019/config/initializers/cookies_serializer.rb": [
        null,
        null,
        null,
        null,
        1
      ],
      "C:/Users/3141j/Documents/TAMU2019/CSCE431/Project/csce431-fall2019/config/initializers/filter_parameter_logging.rb": [
        null,
        null,
        null,
        1
      ],
      "C:/Users/3141j/Documents/TAMU2019/CSCE431/Project/csce431-fall2019/config/initializers/inflections.rb": [
        null,
        null,
        null,
        null,
        null,
        null,
        null,
        null,
        null,
        null,
        null,
        null,
        null,
        null,
        null,
        null
      ],
      "C:/Users/3141j/Documents/TAMU2019/CSCE431/Project/csce431-fall2019/config/initializers/mime_types.rb": [
        null,
        null,
        null,
        null
      ],
      "C:/Users/3141j/Documents/TAMU2019/CSCE431/Project/csce431-fall2019/config/initializers/paypal.rb": [
        null,
        1,
        1,
        1,
        null
      ],
      "C:/Users/3141j/Documents/TAMU2019/CSCE431/Project/csce431-fall2019/config/initializers/wrap_parameters.rb": [
        null,
        null,
        null,
        null,
        null,
        null,
        1,
        2,
        null,
        null,
        null,
        null,
        null,
        null
      ],
      "C:/Users/3141j/Documents/TAMU2019/CSCE431/Project/csce431-fall2019/config/routes.rb": [
        1,
        null,
        1,
        1,
        1,
        1,
        1,
        1,
        null,
        null,
        null,
        1,
        null,
        null,
        null
      ],
      "C:/Users/3141j/Documents/TAMU2019/CSCE431/Project/csce431-fall2019/app/helpers/admin_helper.rb": [
        1,
        null
      ],
      "C:/Users/3141j/Documents/TAMU2019/CSCE431/Project/csce431-fall2019/app/helpers/application_helper.rb": [
        1,
        1,
        0,
        0,
        0,
        0,
        null,
        null
      ],
      "C:/Users/3141j/Documents/TAMU2019/CSCE431/Project/csce431-fall2019/app/helpers/donation_transaction_helper.rb": [
        1,
        null
      ],
      "C:/Users/3141j/Documents/TAMU2019/CSCE431/Project/csce431-fall2019/app/helpers/password_resets_helper.rb": [
        1,
        null
      ],
      "C:/Users/3141j/Documents/TAMU2019/CSCE431/Project/csce431-fall2019/app/helpers/sessions_helper.rb": [
        1,
        null
      ],
      "C:/Users/3141j/Documents/TAMU2019/CSCE431/Project/csce431-fall2019/app/helpers/users_helper.rb": [
        1,
        null
      ],
      "C:/Users/3141j/Documents/TAMU2019/CSCE431/Project/csce431-fall2019/app/models/application_record.rb": [
        1,
        1,
        null
      ],
      "C:/Users/3141j/Documents/TAMU2019/CSCE431/Project/csce431-fall2019/app/controllers/donation_transaction_controller.rb": [
        1,
        1,
        null,
        1,
        1,
        null,
        null,
        1,
        0,
        null,
        null,
        null,
        null,
        0,
        0,
        null,
        null,
        null,
        null,
        0,
        0,
        0,
        null,
        null,
        0,
        null,
        null,
        null,
        null,
        1,
        null,
        0,
        0,
        null,
        0,
        0,
        null,
        0,
        null,
        0,
        0,
        null,
        0,
        null,
        null,
        null,
        null,
        0,
        0,
        null,
        null,
        null,
        null,
        0,
        null,
        null,
        null,
        null,
        null,
        null,
        1,
        null,
        0,
        0,
        0,
        0,
        0,
        0,
        null,
        0,
        null,
        null,
        null,
        null,
        null,
        0,
        null,
        0,
        0,
        null,
        null,
        0,
        null,
        null,
        null,
        null,
        1,
        null,
        0,
        0,
        0,
        null,
        0,
        0,
        null,
        null,
        null,
        1,
        1,
        null,
        null,
        null,
        null,
        null,
        0,
        null,
        null,
        1,
        0,
        null,
        null,
        1,
        0,
        null,
        null,
        1,
        0,
        null,
        null,
        null,
        null,
        null,
        null,
        null,
        1,
        0,
        null,
        null,
        null,
        null,
        null,
        1,
        0,
        null,
        null
      ],
      "C:/Users/3141j/Documents/TAMU2019/CSCE431/Project/csce431-fall2019/app/controllers/application_controller.rb": [
        1,
        1,
        null,
        1,
        1,
        52,
        null,
        null,
        1,
        51,
        51,
        null,
        null,
        1,
        17,
        null,
        null,
        1,
        20,
        4,
        4,
        4,
        null,
        16,
        null,
        null,
        1,
        0,
        0,
        0,
        0,
        null,
        0,
        null,
        null
      ],
      "C:/Users/3141j/Documents/TAMU2019/CSCE431/Project/csce431-fall2019/spec/controllers/password_resets_controller_spec.rb": [
        1,
        null,
        1,
        1,
        null,
        1,
        4,
        4,
        4,
        null,
        null,
        1,
        1,
        1,
        1,
        null,
        null,
        1,
        1,
        1,
        null,
        null,
        null,
        1,
        1,
        1,
        1,
        1,
        1,
        null,
        null,
        1,
        1,
        1,
        1,
        null,
        null,
        null,
        1,
        1,
        2,
        2,
        null,
        null,
        1,
        1,
        1,
        null,
        null,
        1,
        2,
        null,
        null,
        null,
        1,
        1,
        2,
        2,
        null,
        null,
        1,
        1,
        1,
        null,
        null,
        1,
        1,
        1,
        null,
        1,
        1,
        null,
        null,
        null,
        null
      ],
      "C:/Users/3141j/Documents/TAMU2019/CSCE431/Project/csce431-fall2019/app/controllers/password_resets_controller.rb": [
        1,
        1,
        null,
        null,
        1,
        6,
        6,
        6,
        6,
        null,
        null,
        null,
        1,
        2,
        null,
        null,
        1,
        2,
        2,
        1,
        1,
        1,
        1,
        1,
        null,
        0,
        null,
        null,
        null,
        1,
        null,
        1,
        1,
        null,
        null,
        null
      ],
      "C:/Users/3141j/Documents/TAMU2019/CSCE431/Project/csce431-fall2019/spec/controllers/sessions_controller_spec.rb": [
        1,
        null,
        1,
        1,
        null,
        1,
        1,
        1,
        1,
        1,
        null,
        null,
        1,
        1,
        1,
        null,
        null,
        null,
        1,
        1,
        1,
        2,
        2,
        null,
        null,
        1,
        1,
        1,
        null,
        null,
        1,
        1,
        null,
        1,
        null,
        1,
        null,
        null,
        null,
        1,
        1,
        2,
        2,
        null,
        null,
        1,
        1,
        1,
        null,
        null,
        1,
        1,
        null,
        1,
        1,
        null,
        null,
        null,
        1,
        1,
        1,
        null,
        1,
        1,
        null,
        null,
        null,
        null,
        1,
        1,
        1,
        null,
        1,
        1,
        1,
        null,
        null,
        1,
        1,
        2,
        2,
        2,
        null,
        null,
        1,
        1,
        null,
        1,
        null,
        null,
        1,
        1,
        null,
        1,
        null,
        null,
        null,
        null
      ],
      "C:/Users/3141j/Documents/TAMU2019/CSCE431/Project/csce431-fall2019/app/controllers/sessions_controller.rb": [
        1,
        1,
        1,
        1,
        null,
        null,
        null,
        1,
        30,
        null,
        30,
        30,
        27,
        27,
        27,
        null,
        3,
        3,
        3,
        null,
        null,
        null,
        1,
        3,
        3,
        3,
        null,
        null,
        null
      ],
      "C:/Users/3141j/Documents/TAMU2019/CSCE431/Project/csce431-fall2019/spec/controllers/users_controller_spec.rb": [
        1,
        null,
        1,
        1,
        null,
        1,
        11,
        11,
        11,
        11,
        11,
        11,
        null,
        null,
        1,
        10,
        10,
        10,
        10,
        10,
        10,
        null,
        null,
        1,
        1,
        1,
        1,
        null,
        null,
        null,
        1,
        14,
        null,
        1,
        1,
        2,
        null,
        null,
        null,
        1,
        9,
        9,
        9,
        null,
        18,
        null,
        null,
        null,
        1,
        1,
        1,
        null,
        2,
        null,
        null,
        1,
        1,
        1,
        1,
        1,
        null,
        2,
        null,
        null,
        null,
        1,
        1,
        1,
        null,
        1,
        1,
        null,
        null,
        null,
        1,
        5,
        1,
        4,
        null,
        null,
        1,
        2,
        null,
        null,
        1,
        3,
        3,
        3,
        null,
        6,
        null,
        null,
        null,
        null,
        null,
        1,
        1,
        1,
        1,
        null,
        null,
        1,
        1,
        1,
        null,
        1,
        1,
        null,
        null,
        null,
        1,
        1,
        1,
        1,
        null,
        null,
        1,
        1,
        3,
        null,
        null,
        1,
        1,
        1,
        null,
        null,
        1,
        1,
        1,
        1,
        null,
        null,
        1,
        1,
        1,
        null,
        null,
        null,
        1,
        1,
        2,
        null,
        null,
        1,
        1,
        1,
        null,
        null,
        1,
        1,
        1,
        null,
        null,
        null,
        null,
        1,
        1,
        1,
        1,
        null,
        null,
        1,
        1,
        4,
        null,
        null,
        1,
        1,
        null,
        1,
        1,
        null,
        null,
        1,
        1,
        null,
        1,
        1,
        1,
        null,
        null,
        1,
        1,
        null,
        1,
        1,
        null,
        null,
        1,
        1,
        null,
        1,
        1,
        null,
        null,
        null,
        1,
        1,
        2,
        null,
        null,
        1,
        1,
        null,
        1,
        1,
        null,
        1,
        1,
        1,
        null,
        null,
        1,
        1,
        1,
        null,
        1,
        1,
        null,
        1,
        1,
        null,
        null,
        null,
        null,
        1,
        1,
        1,
        1,
        null,
        null,
        1,
        1,
        2,
        null,
        null,
        1,
        2,
        null,
        null,
        1,
        2,
        1,
        null,
        null,
        1,
        null,
        null,
        1,
        1,
        2,
        null,
        null,
        1,
        2,
        null,
        null,
        1,
        2,
        1,
        null,
        null,
        null,
        null
      ],
      "C:/Users/3141j/Documents/TAMU2019/CSCE431/Project/csce431-fall2019/app/controllers/users_controller.rb": [
        1,
        1,
        1,
        1,
        null,
        1,
        1,
        null,
        null,
        1,
        17,
        1,
        null,
        null,
        16,
        1,
        null,
        null,
        15,
        null,
        15,
        2,
        1,
        null,
        1,
        null,
        null,
        13,
        null,
        null,
        null,
        1,
        0,
        null,
        null,
        1,
        null,
        null,
        0,
        0,
        0,
        0,
        null,
        0,
        0,
        0,
        null,
        null,
        null,
        1,
        5,
        5,
        5,
        1,
        null,
        null,
        4,
        null,
        null,
        1,
        6,
        6,
        6,
        1,
        null,
        null,
        5,
        5,
        4,
        null,
        1,
        null,
        null,
        null,
        1,
        4,
        4,
        4,
        1,
        null,
        null,
        3,
        3,
        3,
        null,
        0,
        null,
        null,
        null,
        1,
        1,
        0,
        null,
        null,
        1,
        1,
        0,
        null,
        1,
        0,
        null,
        null,
        1,
        7,
        null,
        null,
        1,
        15,
        4,
        null,
        11,
        null,
        null,
        null,
        1,
        5,
        2,
        null,
        3,
        null,
        null,
        null,
        null
      ],
      "C:/Users/3141j/Documents/TAMU2019/CSCE431/Project/csce431-fall2019/app/models/user.rb": [
        1,
        1,
        1,
        1,
        1,
        1,
        1,
        null,
        1,
        null,
        1,
        5,
        5,
        5,
        5,
        null,
        null,
        1,
        null,
        5,
        5,
        null,
        null
      ],
      "C:/Users/3141j/Documents/TAMU2019/CSCE431/Project/csce431-fall2019/app/mailers/user_mailer.rb": [
        1,
        null,
        1,
        5,
        5,
        null,
        5,
        null,
        null,
        null,
        null
      ],
      "C:/Users/3141j/Documents/TAMU2019/CSCE431/Project/csce431-fall2019/app/mailers/application_mailer.rb": [
        1,
        1,
        1,
        null
      ]
    },
    "timestamp": 1572385154
  },
  "Cucumber Features": {
    "coverage": {
      "C:/Users/3141j/Documents/TAMU2019/CSCE431/Project/csce431-fall2019/app/models/application_record.rb": [
        1,
        1,
        null
      ],
      "C:/Users/3141j/Documents/TAMU2019/CSCE431/Project/csce431-fall2019/app/models/user.rb": [
        1,
        1,
        1,
        1,
        1,
        1,
        1,
        null,
        1,
        null,
        1,
        0,
        0,
        0,
        0,
        null,
        null,
        1,
        null,
        0,
        0,
        null,
        null
      ],
      "C:/Users/3141j/Documents/TAMU2019/CSCE431/Project/csce431-fall2019/app/controllers/application_controller.rb": [
        1,
        1,
        null,
        1,
        1,
        197,
        null,
        null,
        1,
        241,
        241,
        null,
        null,
        1,
        130,
        null,
        null,
        1,
        97,
        1,
        1,
        1,
        null,
        96,
        null,
        null,
        1,
        33,
        0,
        0,
        0,
        null,
        33,
        null,
        null
      ],
      "C:/Users/3141j/Documents/TAMU2019/CSCE431/Project/csce431-fall2019/app/helpers/application_helper.rb": [
        1,
        1,
        264,
        264,
        264,
        264,
        null,
        null
      ],
      "C:/Users/3141j/Documents/TAMU2019/CSCE431/Project/csce431-fall2019/app/helpers/admin_helper.rb": [
        1,
        null
      ],
      "C:/Users/3141j/Documents/TAMU2019/CSCE431/Project/csce431-fall2019/app/helpers/donation_transaction_helper.rb": [
        1,
        null
      ],
      "C:/Users/3141j/Documents/TAMU2019/CSCE431/Project/csce431-fall2019/app/helpers/password_resets_helper.rb": [
        1,
        null
      ],
      "C:/Users/3141j/Documents/TAMU2019/CSCE431/Project/csce431-fall2019/app/helpers/sessions_helper.rb": [
        1,
        null
      ],
      "C:/Users/3141j/Documents/TAMU2019/CSCE431/Project/csce431-fall2019/app/helpers/users_helper.rb": [
        1,
        null
      ],
      "C:/Users/3141j/Documents/TAMU2019/CSCE431/Project/csce431-fall2019/app/controllers/sessions_controller.rb": [
        1,
        1,
        52,
        2,
        null,
        null,
        null,
        1,
        31,
        null,
        31,
        31,
        30,
        30,
        30,
        null,
        1,
        1,
        1,
        null,
        null,
        null,
        1,
        2,
        2,
        2,
        null,
        null,
        null
      ],
      "C:/Users/3141j/Documents/TAMU2019/CSCE431/Project/csce431-fall2019/app/controllers/users_controller.rb": [
        1,
        1,
        1,
        1,
        null,
        1,
        12,
        null,
        null,
        1,
        11,
        0,
        null,
        null,
        11,
        0,
        null,
        null,
        11,
        null,
        11,
        2,
        1,
        null,
        1,
        null,
        null,
        9,
        null,
        null,
        null,
        1,
        33,
        null,
        null,
        1,
        null,
        null,
        33,
        33,
        33,
        0,
        null,
        33,
        33,
        33,
        null,
        null,
        null,
        1,
        19,
        19,
        19,
        0,
        null,
        null,
        19,
        null,
        null,
        1,
        10,
        10,
        10,
        0,
        null,
        null,
        10,
        10,
        10,
        null,
        0,
        null,
        null,
        null,
        1,
        1,
        1,
        1,
        1,
        1,
        1,
        0,
        null,
        null,
        1,
        1,
        1,
        1,
        1,
        null,
        0,
        null,
        null,
        null,
        1,
        1,
        0,
        null,
        null,
        1,
        1,
        594,
        null,
        1,
        132,
        null,
        null,
        1,
        150,
        null,
        null,
        1,
        11,
        1,
        null,
        10,
        null,
        null,
        null,
        1,
        10,
        10,
        null,
        0,
        null,
        null,
        null,
        null
      ],
      "C:/Users/3141j/Documents/TAMU2019/CSCE431/Project/csce431-fall2019/app/models/made_donation.rb": [
        1,
        1,
        1,
        1,
        1,
        1,
        null,
        1,
        null
      ],
      "C:/Users/3141j/Documents/TAMU2019/CSCE431/Project/csce431-fall2019/app/controllers/donation_transaction_controller.rb": [
        1,
        1,
        null,
        1,
        0,
        null,
        null,
        1,
        0,
        null,
        null,
        null,
        null,
        0,
        0,
        null,
        null,
        null,
        null,
        0,
        0,
        0,
        null,
        null,
        0,
        null,
        null,
        null,
        null,
        1,
        null,
        0,
        0,
        null,
        0,
        0,
        null,
        0,
        null,
        0,
        0,
        null,
        0,
        null,
        null,
        null,
        null,
        0,
        0,
        null,
        null,
        null,
        null,
        0,
        null,
        null,
        null,
        null,
        null,
        null,
        1,
        null,
        0,
        0,
        0,
        0,
        0,
        0,
        null,
        0,
        null,
        null,
        null,
        null,
        null,
        0,
        null,
        0,
        0,
        null,
        null,
        0,
        null,
        null,
        null,
        null,
        1,
        null,
        0,
        0,
        0,
        null,
        0,
        0,
        null,
        null,
        null,
        1,
        1,
        null,
        null,
        null,
        null,
        null,
        0,
        null,
        null,
        1,
        0,
        null,
        null,
        1,
        0,
        null,
        null,
        1,
        0,
        null,
        null,
        null,
        null,
        null,
        null,
        null,
        1,
        0,
        null,
        null,
        null,
        null,
        null,
        1,
        0,
        null,
        null
      ],
      "C:/Users/3141j/Documents/TAMU2019/CSCE431/Project/csce431-fall2019/app/channels/application_cable/channel.rb": [
        0,
        0,
        0,
        0
      ],
      "C:/Users/3141j/Documents/TAMU2019/CSCE431/Project/csce431-fall2019/app/channels/application_cable/connection.rb": [
        0,
        0,
        0,
        0
      ],
      "C:/Users/3141j/Documents/TAMU2019/CSCE431/Project/csce431-fall2019/app/controllers/password_resets_controller.rb": [
        0,
        0,
        0,
        null,
        0,
        0,
        0,
        0,
        0,
        0,
        null,
        null,
        0,
        0,
        0,
        null,
        0,
        0,
        0,
        0,
        0,
        0,
        0,
        0,
        0,
        0,
        0,
        0,
        null,
        0,
        null,
        0,
        0,
        0,
        null,
        0
      ],
      "C:/Users/3141j/Documents/TAMU2019/CSCE431/Project/csce431-fall2019/app/jobs/application_job.rb": [
        0,
        null,
        null,
        null,
        null,
        null,
        0
      ],
      "C:/Users/3141j/Documents/TAMU2019/CSCE431/Project/csce431-fall2019/app/mailers/application_mailer.rb": [
        0,
        0,
        0,
        0
      ],
      "C:/Users/3141j/Documents/TAMU2019/CSCE431/Project/csce431-fall2019/app/mailers/user_mailer.rb": [
        0,
        null,
        0,
        0,
        0,
        null,
        0,
        0,
        null,
        0,
        null
      ],
      "C:/Users/3141j/Documents/TAMU2019/CSCE431/Project/csce431-fall2019/app/services/paypal_service.rb": [
        null,
        0,
        0,
        null,
        0,
        0,
        0,
        0,
        0,
        0,
        0,
        0,
        null,
        0,
        0,
        0,
        0,
        0,
        0,
        0,
        0,
        0,
        0,
        0,
        0,
        0,
        0,
        null,
        0,
        0,
        0,
        0,
        0,
        null,
        0,
        null,
        null,
        null,
        null,
        0,
        0,
        0,
        0,
        0,
        null,
        0,
        0
      ]
    },
    "timestamp": 1572397113
  }
}
